{
  "RSpec": {
    "coverage": {
      "/Users/fumi/onkuro_new/spec/helpers/graph_helper_spec.rb": {
        "lines": [
          1,
          null,
          null,
          null,
          null,
          null,
          null,
          null,
          null,
          null,
          null,
          null,
          1,
          1,
          null
        ]
      },
      "/Users/fumi/onkuro_new/spec/rails_helper.rb": {
        "lines": [
          null,
          1,
          1,
          1,
          null,
          1,
          null,
          null,
          null,
          1,
          null,
          null,
          null,
          null,
          null,
          null,
          null,
          null,
          null,
          null,
          null,
          null,
          null,
          null,
          null,
          null,
          null,
          null,
          null,
          null,
          1,
          null,
          0,
          null,
          1,
          null,
          1,
          null,
          null,
          null,
          null,
          null,
          null,
          1,
          null,
          null,
          null,
          null,
          null,
          null,
          null,
          null,
          null,
          null,
          null,
          null,
          null,
          null,
          null,
          null,
          null,
          null,
          null,
          null,
          null,
          null,
          1,
          null,
          null,
          1,
          null
        ]
      },
      "/Users/fumi/onkuro_new/config/environment.rb": {
        "lines": [
          null,
          1,
          null,
          null,
          1
        ]
      },
      "/Users/fumi/onkuro_new/config/application.rb": {
        "lines": [
          1,
          null,
          1,
          1,
          1,
          null,
          null,
          null,
          1,
          null,
          1,
          1,
          null,
          1,
          null,
          null,
          null,
          null,
          1,
          null,
          null,
          null,
          null,
          null,
          null,
          1,
          1,
          null,
          1,
          1,
          null,
          null
        ]
      },
      "/Users/fumi/onkuro_new/config/boot.rb": {
        "lines": [
          1,
          null,
          1,
          1
        ]
      },
      "/Users/fumi/onkuro_new/config/environments/test.rb": {
        "lines": [
          null,
          null,
          null,
          null,
          null,
          1,
          null,
          null,
          null,
          1,
          1,
          null,
          null,
          null,
          null,
          null,
          null,
          1,
          null,
          null,
          1,
          null,
          null,
          1,
          1,
          null,
          null,
          1,
          null,
          null,
          1,
          null,
          null,
          1,
          null,
          null,
          null,
          null,
          1,
          null,
          null,
          1,
          null,
          null,
          1,
          null,
          null,
          null,
          null,
          null,
          null,
          null,
          null,
          1,
          null
        ]
      },
      "/Users/fumi/onkuro_new/config/initializers/assets.rb": {
        "lines": [
          null,
          null,
          null,
          1,
          null,
          null,
          null
        ]
      },
      "/Users/fumi/onkuro_new/config/initializers/content_security_policy.rb": {
        "lines": [
          null,
          null,
          null,
          null,
          null,
          null,
          null,
          null,
          null,
          null,
          null,
          null,
          null,
          null,
          null,
          null,
          null,
          null,
          null,
          null,
          null,
          null,
          null,
          null,
          null
        ]
      },
      "/Users/fumi/onkuro_new/config/initializers/filter_parameter_logging.rb": {
        "lines": [
          null,
          null,
          null,
          null,
          null,
          1,
          null,
          null
        ]
      },
      "/Users/fumi/onkuro_new/config/initializers/inflections.rb": {
        "lines": [
          null,
          null,
          null,
          null,
          null,
          null,
          null,
          null,
          null,
          null,
          null,
          null,
          null,
          null,
          null,
          null
        ]
      },
      "/Users/fumi/onkuro_new/spec/factories/brands.rb": {
        "lines": [
          1,
          1,
          32,
          null,
          null
        ]
      },
      "/Users/fumi/onkuro_new/spec/factories/categories.rb": {
        "lines": [
          1,
          1,
          30,
          null,
          null
        ]
      },
      "/Users/fumi/onkuro_new/spec/factories/clothing_usage_logs.rb": {
        "lines": [
          1,
          1,
          1,
          1,
          17,
          null,
          null
        ]
      },
      "/Users/fumi/onkuro_new/spec/factories/clothings.rb": {
        "lines": [
          1,
          1,
          14,
          1,
          1,
          1,
          1,
          null,
          null
        ]
      },
      "/Users/fumi/onkuro_new/spec/factories/colors.rb": {
        "lines": [
          1,
          1,
          32,
          null,
          null
        ]
      },
      "/Users/fumi/onkuro_new/spec/factories/users.rb": {
        "lines": [
          1,
          1,
          35,
          28,
          34,
          null,
          null
        ]
      },
      "/Users/fumi/onkuro_new/app/helpers/application_helper.rb": {
        "lines": [
          1,
          null
        ]
      },
      "/Users/fumi/onkuro_new/app/helpers/brands_helper.rb": {
        "lines": [
          1,
          null
        ]
      },
      "/Users/fumi/onkuro_new/app/helpers/categories_helper.rb": {
        "lines": [
          1,
          null
        ]
      },
      "/Users/fumi/onkuro_new/app/helpers/clothes_helper.rb": {
        "lines": [
          1,
          null
        ]
      },
      "/Users/fumi/onkuro_new/app/helpers/colors_helper.rb": {
        "lines": [
          1,
          null
        ]
      },
      "/Users/fumi/onkuro_new/app/helpers/graph_helper.rb": {
        "lines": [
          1,
          null
        ]
      },
      "/Users/fumi/onkuro_new/app/helpers/home_helper.rb": {
        "lines": [
          1,
          null
        ]
      },
      "/Users/fumi/onkuro_new/app/helpers/maps_helper.rb": {
        "lines": [
          1,
          null
        ]
      },
      "/Users/fumi/onkuro_new/app/helpers/sessions_helper.rb": {
        "lines": [
          1,
          null
        ]
      },
      "/Users/fumi/onkuro_new/app/helpers/users_helper.rb": {
        "lines": [
          1,
          null
        ]
      },
      "/Users/fumi/onkuro_new/spec/models/clothing_spec.rb": {
        "lines": [
          1,
          null,
          1,
          1,
          2,
          2,
          null,
          1,
          1,
          1,
          1,
          null,
          null,
          null,
          1,
          2,
          2,
          2,
          2,
          null,
          1,
          1,
          1,
          1,
          null,
          null,
          null,
          1,
          2,
          2,
          null,
          1,
          1,
          1,
          1,
          null,
          null,
          null
        ]
      },
      "/Users/fumi/onkuro_new/app/models/clothing.rb": {
        "lines": [
          1,
          1,
          1,
          1,
          1,
          null,
          1,
          1,
          1,
          null,
          null,
          8,
          null,
          null,
          1,
          null,
          null,
          2,
          1,
          1,
          null,
          null,
          3,
          null,
          1,
          6,
          null,
          null
        ]
      },
      "/Users/fumi/onkuro_new/app/models/application_record.rb": {
        "lines": [
          1,
          1,
          null
        ]
      },
      "/Users/fumi/onkuro_new/spec/models/user_spec.rb": {
        "lines": [
          1,
          null,
          1,
          1,
          6,
          null,
          null,
          1,
          1,
          1,
          null,
          null,
          1,
          1,
          1,
          1,
          null,
          null,
          1,
          1,
          1,
          1,
          null,
          null,
          1,
          1,
          1,
          1,
          null,
          null,
          1,
          1,
          1,
          1,
          null,
          null,
          7,
          null,
          1,
          1,
          1,
          1,
          null,
          null,
          null
        ]
      },
      "/Users/fumi/onkuro_new/app/models/user.rb": {
        "lines": [
          1,
          1,
          1,
          1,
          1,
          1,
          null,
          1,
          0,
          0,
          null,
          0,
          0,
          null,
          null,
          null
        ]
      },
      "/Users/fumi/onkuro_new/spec/requests/clothings_spec.rb": {
        "lines": [
          1,
          null,
          1,
          10,
          10,
          10,
          10,
          10,
          null,
          1,
          9,
          null,
          null,
          null,
          null,
          null,
          null,
          null,
          1,
          1,
          1,
          1,
          1,
          null,
          null,
          1,
          1,
          1,
          null,
          null,
          null,
          null,
          1,
          1,
          1,
          1,
          1,
          null,
          null,
          null,
          null,
          1,
          1,
          1,
          1,
          1,
          null,
          null,
          null,
          null,
          null,
          null,
          null,
          null,
          1,
          null,
          null,
          null,
          null,
          1,
          1,
          1,
          1,
          1,
          null,
          null,
          null,
          1,
          1,
          1,
          null,
          null,
          null,
          null,
          null,
          null,
          null,
          1,
          null,
          null,
          null,
          null,
          1,
          1,
          1,
          1,
          1,
          null,
          null,
          1,
          null,
          null,
          null,
          null,
          1,
          1,
          1,
          1,
          1,
          null,
          null,
          null,
          1,
          null,
          1,
          1,
          1,
          null,
          null,
          null,
          null,
          1,
          1,
          2,
          1,
          1,
          1,
          null,
          null,
          null,
          1,
          null,
          1,
          1,
          1,
          null,
          null,
          null,
          null
        ]
      },
      "/Users/fumi/onkuro_new/spec/requests/users_spec.rb": {
        "lines": [
          1,
          null,
          1,
          1,
          1,
          null,
          1,
          1,
          1,
          1,
          1,
          null,
          null,
          null,
          null,
          1,
          1,
          1,
          1,
          1,
          null,
          null,
          null,
          null,
          null,
          null,
          null,
          null,
          1,
          null,
          null,
          null,
          null
        ]
      },
      "/Users/fumi/onkuro_new/app/controllers/users_controller.rb": {
        "lines": [
          1,
          1,
          1,
          null,
          null,
          1,
          1,
          null,
          1,
          1,
          1,
          1,
          null,
          0,
          0,
          null,
          null,
          null,
          1,
          0,
          0,
          0,
          0,
          null,
          0,
          0,
          null,
          null,
          null,
          1,
          0,
          null,
          0,
          0,
          0,
          null,
          0,
          0,
          null,
          null,
          null,
          1,
          0,
          null,
          null,
          1,
          0,
          null,
          null,
          1,
          0,
          0,
          0,
          0,
          null,
          null,
          1,
          0,
          null,
          null,
          1,
          null,
          1,
          1,
          null,
          null,
          1,
          0,
          null,
          null
        ]
      },
      "/Users/fumi/onkuro_new/app/controllers/application_controller.rb": {
        "lines": [
          1,
          1,
          1,
          null,
          1,
          null,
          1,
          13,
          null,
          null
        ]
      },
      "/Users/fumi/onkuro_new/spec/use_cases/clothing_report_spec.rb": {
        "lines": [
          1,
          null,
          1,
          5,
          5,
          5,
          null,
          1,
          4,
          4,
          null,
          null,
          1,
          1,
          1,
          1,
          null,
          1,
          1,
          null,
          null,
          null,
          null,
          1,
          1,
          1,
          1,
          null,
          1,
          1,
          null,
          null,
          null,
          null,
          1,
          1,
          1,
          1,
          null,
          1,
          1,
          null,
          null,
          null,
          null,
          1,
          1,
          1,
          null,
          1,
          null,
          null,
          null
        ]
      },
      "/Users/fumi/onkuro_new/app/use_cases/clothing_report.rb": {
        "lines": [
          1,
          null,
          1,
          null,
          null,
          null,
          1,
          8,
          8,
          null,
          null,
          1,
          8,
          8,
          8,
          8,
          8,
          null,
          null,
          8,
          null,
          null,
          1,
          null,
          1,
          null,
          1,
          8,
          null,
          2,
          null,
          null,
          null,
          null,
          2,
          null,
          null,
          null,
          6,
          null,
          null,
          null,
          1,
          null
        ]
      },
      "/Users/fumi/onkuro_new/spec/use_cases/clothing_usage_graph_spec.rb": {
        "lines": [
          1,
          null,
          1,
          3,
          3,
          3,
          2,
          2,
          3,
          null,
          1,
          1,
          1,
          1,
          null,
          null,
          null,
          1,
          1,
          1,
          1,
          null,
          null,
          1,
          1,
          1,
          null,
          null,
          null,
          null,
          null,
          null
        ]
      },
      "/Users/fumi/onkuro_new/app/use_cases/clothing_usage_graph.rb": {
        "lines": [
          1,
          1,
          2,
          2,
          2,
          null,
          null,
          1,
          2,
          2,
          4,
          3,
          null,
          null,
          1,
          null,
          1,
          null,
          1,
          2,
          4,
          4,
          null,
          4,
          2,
          2,
          2,
          null,
          2,
          null,
          null,
          4,
          null,
          null,
          null
        ]
      },
      "/Users/fumi/onkuro_new/spec/use_cases/record_usage_log_adder_spec.rb": {
        "lines": [
          1,
          null,
          1,
          2,
          2,
          2,
          null,
          1,
          1,
          1,
          2,
          2,
          null,
          1,
          1,
          1,
          null,
          null,
          null,
          null
        ]
      },
      "/Users/fumi/onkuro_new/app/use_cases/record_usage_log_adder.rb": {
        "lines": [
          1,
          1,
          1,
          1,
          null,
          null,
          1,
          1,
          1,
          null,
          1,
          null,
          null,
          null,
          null,
          null,
          1,
          null,
          null,
          1,
          null,
          1,
          null
        ]
      },
      "/Users/fumi/onkuro_new/spec/use_cases/record_usage_log_remover_spec.rb": {
        "lines": [
          1,
          null,
          1,
          2,
          2,
          2,
          2,
          null,
          1,
          1,
          2,
          2,
          null,
          null,
          null
        ]
      },
      "/Users/fumi/onkuro_new/app/use_cases/record_usage_log_remover.rb": {
        "lines": [
          1,
          1,
          1,
          1,
          null,
          null,
          1,
          1,
          1,
          null,
          null,
          1,
          1,
          null,
          1,
          1,
          null,
          null,
          null,
          null,
          null,
          1,
          null,
          0,
          null,
          null,
          null,
          1,
          null,
          1,
          null
        ]
      },
      "/Users/fumi/onkuro_new/spec/views/graph/index.html.erb_spec.rb": {
        "lines": [
          1,
          null,
          1,
          1,
          null
        ]
      },
      "/Users/fumi/onkuro_new/app/models/category.rb": {
        "lines": [
          1,
          1,
          null
        ]
      },
      "/Users/fumi/onkuro_new/app/models/brand.rb": {
        "lines": [
          1,
          null
        ]
      },
      "/Users/fumi/onkuro_new/app/models/color.rb": {
        "lines": [
          1,
          null
        ]
      },
      "/Users/fumi/onkuro_new/config/routes.rb": {
        "lines": [
          1,
          1,
          null,
          1,
          1,
          1,
          null,
          1,
          1,
          null,
          1,
          null,
          1,
          1,
          1,
          1,
          1,
          null,
          null,
          1,
          1,
          1,
          1,
          null,
          1,
          1,
          1,
          1,
          null,
          null,
          null
        ]
      },
      "/Users/fumi/onkuro_new/app/controllers/sessions_controller.rb": {
        "lines": [
          1,
          1,
          null,
          null,
          1,
          9,
          null,
          9,
          9,
          9,
          9,
          null,
          0,
          0,
          null,
          null,
          null,
          1,
          0,
          0,
          null,
          null,
          1,
          null,
          1,
          18,
          null,
          null
        ]
      },
      "/Users/fumi/onkuro_new/app/controllers/clothings_controller.rb": {
        "lines": [
          1,
          1,
          4,
          4,
          4,
          4,
          null,
          null,
          1,
          1,
          null,
          null,
          1,
          1,
          null,
          1,
          1,
          null,
          0,
          0,
          null,
          null,
          null,
          1,
          1,
          null,
          null,
          1,
          1,
          1,
          1,
          null,
          0,
          0,
          null,
          null,
          null,
          1,
          1,
          1,
          1,
          null,
          null,
          1,
          1,
          1,
          null,
          0,
          null,
          null,
          null,
          1,
          1,
          1,
          null,
          0,
          null,
          null,
          null,
          1,
          null,
          1,
          2,
          null,
          null
        ]
      },
      "/Users/fumi/onkuro_new/app/models/clothing_usage_log.rb": {
        "lines": [
          1,
          1,
          1,
          null,
          1,
          null
        ]
      },
      "/Users/fumi/onkuro_new/app/models/usage_log_clearing.rb": {
        "lines": [
          1,
          1,
          1,
          null,
          1,
          null
        ]
      }
    },
    "timestamp": 1749980739
  }
}
